Zadania/Projekt/Projekt pliki/app/build/intermediates/manifest_merge_blame_file/debug/processDebugMainManifest/manifest-merger-blame-debug-report.txt
1<?xml version="1.0" encoding="utf-8"?>
2<manifest xmlns:android="http://schemas.android.com/apk/res/android"
3    package="com.example.testdht"
4    android:versionCode="1"
5    android:versionName="1.0" >
6
7    <uses-sdk
8        android:minSdkVersion="31"
9        android:targetSdkVersion="34" />
10
11    <uses-permission android:name="android.permission.ACCESS_COARSE_LOCATION" />
11-->src\main\AndroidManifest.xml:5:5-81
11-->src\main\AndroidManifest.xml:5:22-78
12    <uses-permission android:name="android.permission.ACCESS_FINE_LOCATION" />
12-->src\main\AndroidManifest.xml:6:5-79
12-->src\main\AndroidManifest.xml:6:22-76
13    <uses-permission android:name="android.permission.ACCESS_NETWORK_STATE" />
13-->src\main\AndroidManifest.xml:7:5-79
13-->src\main\AndroidManifest.xml:7:22-76
14    <uses-permission android:name="android.permission.ACCESS_WIFI_STATE" />
14-->src\main\AndroidManifest.xml:8:5-76
14-->src\main\AndroidManifest.xml:8:22-73
15    <uses-permission android:name="android.permission.INTERNET" />
15-->src\main\AndroidManifest.xml:9:5-67
15-->src\main\AndroidManifest.xml:9:22-64
16    <uses-permission android:name="android.permission.WAKE_LOCK" />
16-->[androidx.work:work-runtime:2.7.1] AndroidManifest.xml:25:5-68
16-->[androidx.work:work-runtime:2.7.1] AndroidManifest.xml:25:22-65
17    <uses-permission android:name="android.permission.RECEIVE_BOOT_COMPLETED" />
17-->[androidx.work:work-runtime:2.7.1] AndroidManifest.xml:27:5-81
17-->[androidx.work:work-runtime:2.7.1] AndroidManifest.xml:27:22-78
18    <uses-permission android:name="android.permission.FOREGROUND_SERVICE" />
18-->[androidx.work:work-runtime:2.7.1] AndroidManifest.xml:28:5-77
18-->[androidx.work:work-runtime:2.7.1] AndroidManifest.xml:28:22-74
19
20    <permission
20-->[androidx.core:core:1.13.1] AndroidManifest.xml:22:5-24:47
21        android:name="com.example.testdht.DYNAMIC_RECEIVER_NOT_EXPORTED_PERMISSION"
21-->[androidx.core:core:1.13.1] AndroidManifest.xml:23:9-81
22        android:protectionLevel="signature" />
22-->[androidx.core:core:1.13.1] AndroidManifest.xml:24:9-44
23
24    <uses-permission android:name="com.example.testdht.DYNAMIC_RECEIVER_NOT_EXPORTED_PERMISSION" />
24-->[androidx.core:core:1.13.1] AndroidManifest.xml:26:5-97
24-->[androidx.core:core:1.13.1] AndroidManifest.xml:26:22-94
25    <uses-permission android:name="android.permission.REORDER_TASKS" />
25-->[androidx.test:core:1.6.1] AndroidManifest.xml:24:5-72
25-->[androidx.test:core:1.6.1] AndroidManifest.xml:24:22-69
26
27    <queries>
27-->[androidx.test:runner:1.6.1] AndroidManifest.xml:24:5-28:15
28        <package android:name="androidx.test.orchestrator" />
28-->[androidx.test:runner:1.6.1] AndroidManifest.xml:25:9-62
28-->[androidx.test:runner:1.6.1] AndroidManifest.xml:25:18-59
29        <package android:name="androidx.test.services" />
29-->[androidx.test:runner:1.6.1] AndroidManifest.xml:26:9-58
29-->[androidx.test:runner:1.6.1] AndroidManifest.xml:26:18-55
30        <package android:name="com.google.android.apps.common.testing.services" />
30-->[androidx.test:runner:1.6.1] AndroidManifest.xml:27:9-83
30-->[androidx.test:runner:1.6.1] AndroidManifest.xml:27:18-80
31    </queries>
32
33    <application
33-->src\main\AndroidManifest.xml:11:5-44:19
34        android:allowBackup="true"
34-->src\main\AndroidManifest.xml:12:9-35
35        android:appComponentFactory="androidx.core.app.CoreComponentFactory"
35-->[androidx.core:core:1.13.1] AndroidManifest.xml:28:18-86
36        android:dataExtractionRules="@xml/data_extraction_rules"
36-->src\main\AndroidManifest.xml:13:9-65
37        android:debuggable="true"
38        android:extractNativeLibs="false"
39        android:fullBackupContent="@xml/backup_rules"
39-->src\main\AndroidManifest.xml:14:9-54
40        android:icon="@mipmap/ic_launcher"
40-->src\main\AndroidManifest.xml:15:9-43
41        android:label="@string/app_name"
41-->src\main\AndroidManifest.xml:16:9-41
42        android:networkSecurityConfig="@xml/network_security_config"
42-->src\main\AndroidManifest.xml:20:9-69
43        android:roundIcon="@mipmap/ic_launcher_round"
43-->src\main\AndroidManifest.xml:17:9-54
44        android:supportsRtl="true"
44-->src\main\AndroidManifest.xml:18:9-35
45        android:testOnly="true"
46        android:theme="@style/Theme.TestDHT" >
46-->src\main\AndroidManifest.xml:19:9-45
47        <activity
47-->src\main\AndroidManifest.xml:23:9-32:20
48            android:name="com.example.testdht.MainActivity"
48-->src\main\AndroidManifest.xml:24:13-41
49            android:exported="true"
49-->src\main\AndroidManifest.xml:25:13-36
50            android:label="@string/app_name"
50-->src\main\AndroidManifest.xml:26:13-45
51            android:theme="@style/Theme.TestDHT" >
51-->src\main\AndroidManifest.xml:27:13-49
52            <intent-filter>
52-->src\main\AndroidManifest.xml:28:13-31:29
53                <action android:name="android.intent.action.MAIN" />
53-->src\main\AndroidManifest.xml:29:17-69
53-->src\main\AndroidManifest.xml:29:25-66
54
55                <category android:name="android.intent.category.LAUNCHER" />
55-->src\main\AndroidManifest.xml:30:17-77
55-->src\main\AndroidManifest.xml:30:27-74
56            </intent-filter>
57        </activity>
58
59        <receiver
59-->src\main\AndroidManifest.xml:34:9-43:20
60            android:name="com.example.testdht.AppWidgetReceiver"
60-->src\main\AndroidManifest.xml:35:13-46
61            android:exported="true" >
61-->src\main\AndroidManifest.xml:36:13-36
62            <intent-filter>
62-->src\main\AndroidManifest.xml:37:13-39:29
63                <action android:name="android.appwidget.action.APPWIDGET_UPDATE" />
63-->src\main\AndroidManifest.xml:38:17-83
63-->src\main\AndroidManifest.xml:38:25-81
64            </intent-filter>
65
66            <meta-data
66-->src\main\AndroidManifest.xml:40:13-42:58
67                android:name="android.appwidget.provider"
67-->src\main\AndroidManifest.xml:41:17-58
68                android:resource="@xml/app_widget_info" />
68-->src\main\AndroidManifest.xml:42:17-56
69        </receiver>
70
71        <activity
71-->[androidx.glance:glance-appwidget:1.1.1] AndroidManifest.xml:23:9-28:62
72            android:name="androidx.glance.appwidget.action.ActionTrampolineActivity"
72-->[androidx.glance:glance-appwidget:1.1.1] AndroidManifest.xml:24:13-85
73            android:enabled="true"
73-->[androidx.glance:glance-appwidget:1.1.1] AndroidManifest.xml:25:13-35
74            android:excludeFromRecents="true"
74-->[androidx.glance:glance-appwidget:1.1.1] AndroidManifest.xml:26:13-46
75            android:exported="false"
75-->[androidx.glance:glance-appwidget:1.1.1] AndroidManifest.xml:27:13-37
76            android:theme="@android:style/Theme.NoDisplay" />
76-->[androidx.glance:glance-appwidget:1.1.1] AndroidManifest.xml:28:13-59
77        <activity
77-->[androidx.glance:glance-appwidget:1.1.1] AndroidManifest.xml:29:9-36:81
78            android:name="androidx.glance.appwidget.action.InvisibleActionTrampolineActivity"
78-->[androidx.glance:glance-appwidget:1.1.1] AndroidManifest.xml:30:13-94
79            android:enabled="true"
79-->[androidx.glance:glance-appwidget:1.1.1] AndroidManifest.xml:31:13-35
80            android:exported="false"
80-->[androidx.glance:glance-appwidget:1.1.1] AndroidManifest.xml:32:13-37
81            android:launchMode="singleInstance"
81-->[androidx.glance:glance-appwidget:1.1.1] AndroidManifest.xml:33:13-48
82            android:noHistory="true"
82-->[androidx.glance:glance-appwidget:1.1.1] AndroidManifest.xml:34:13-37
83            android:taskAffinity="androidx.glance.appwidget.ListAdapterCallbackTrampoline"
83-->[androidx.glance:glance-appwidget:1.1.1] AndroidManifest.xml:35:13-91
84            android:theme="@style/Widget.Glance.AppWidget.CallbackTrampoline" />
84-->[androidx.glance:glance-appwidget:1.1.1] AndroidManifest.xml:36:13-78
85
86        <receiver
86-->[androidx.glance:glance-appwidget:1.1.1] AndroidManifest.xml:38:9-41:40
87            android:name="androidx.glance.appwidget.action.ActionCallbackBroadcastReceiver"
87-->[androidx.glance:glance-appwidget:1.1.1] AndroidManifest.xml:39:13-92
88            android:enabled="true"
88-->[androidx.glance:glance-appwidget:1.1.1] AndroidManifest.xml:40:13-35
89            android:exported="false" />
89-->[androidx.glance:glance-appwidget:1.1.1] AndroidManifest.xml:41:13-37
90        <receiver
90-->[androidx.glance:glance-appwidget:1.1.1] AndroidManifest.xml:42:9-45:40
91            android:name="androidx.glance.appwidget.UnmanagedSessionReceiver"
91-->[androidx.glance:glance-appwidget:1.1.1] AndroidManifest.xml:43:13-78
92            android:enabled="true"
92-->[androidx.glance:glance-appwidget:1.1.1] AndroidManifest.xml:44:13-35
93            android:exported="false" />
93-->[androidx.glance:glance-appwidget:1.1.1] AndroidManifest.xml:45:13-37
94        <receiver
94-->[androidx.glance:glance-appwidget:1.1.1] AndroidManifest.xml:46:9-53:20
95            android:name="androidx.glance.appwidget.MyPackageReplacedReceiver"
95-->[androidx.glance:glance-appwidget:1.1.1] AndroidManifest.xml:47:13-79
96            android:enabled="true"
96-->[androidx.glance:glance-appwidget:1.1.1] AndroidManifest.xml:48:13-35
97            android:exported="false" >
97-->[androidx.glance:glance-appwidget:1.1.1] AndroidManifest.xml:49:13-37
98            <intent-filter>
98-->[androidx.glance:glance-appwidget:1.1.1] AndroidManifest.xml:50:13-52:29
99                <action android:name="android.intent.action.MY_PACKAGE_REPLACED" />
99-->[androidx.glance:glance-appwidget:1.1.1] AndroidManifest.xml:51:17-84
99-->[androidx.glance:glance-appwidget:1.1.1] AndroidManifest.xml:51:25-81
100            </intent-filter>
101        </receiver>
102
103        <service
103-->[androidx.glance:glance-appwidget:1.1.1] AndroidManifest.xml:55:9-58:72
104            android:name="androidx.glance.appwidget.GlanceRemoteViewsService"
104-->[androidx.glance:glance-appwidget:1.1.1] AndroidManifest.xml:56:13-78
105            android:exported="true"
105-->[androidx.glance:glance-appwidget:1.1.1] AndroidManifest.xml:57:13-36
106            android:permission="android.permission.BIND_REMOTEVIEWS" />
106-->[androidx.glance:glance-appwidget:1.1.1] AndroidManifest.xml:58:13-69
107
108        <activity
108-->[com.google.android.gms:play-services-base:18.5.0] AndroidManifest.xml:5:9-173
109            android:name="com.google.android.gms.common.api.GoogleApiActivity"
109-->[com.google.android.gms:play-services-base:18.5.0] AndroidManifest.xml:5:19-85
110            android:exported="false"
110-->[com.google.android.gms:play-services-base:18.5.0] AndroidManifest.xml:5:146-170
111            android:theme="@android:style/Theme.Translucent.NoTitleBar" />
111-->[com.google.android.gms:play-services-base:18.5.0] AndroidManifest.xml:5:86-145
112
113        <meta-data
113-->[com.google.android.gms:play-services-basement:18.4.0] AndroidManifest.xml:6:9-122
114            android:name="com.google.android.gms.version"
114-->[com.google.android.gms:play-services-basement:18.4.0] AndroidManifest.xml:6:20-65
115            android:value="@integer/google_play_services_version" />
115-->[com.google.android.gms:play-services-basement:18.4.0] AndroidManifest.xml:6:66-119
116
117        <activity
117-->[androidx.compose.ui:ui-tooling-android:1.7.2] AndroidManifest.xml:23:9-25:39
118            android:name="androidx.compose.ui.tooling.PreviewActivity"
118-->[androidx.compose.ui:ui-tooling-android:1.7.2] AndroidManifest.xml:24:13-71
119            android:exported="true" />
119-->[androidx.compose.ui:ui-tooling-android:1.7.2] AndroidManifest.xml:25:13-36
120        <activity
120-->[androidx.compose.ui:ui-test-manifest:1.7.2] AndroidManifest.xml:23:9-25:39
121            android:name="androidx.activity.ComponentActivity"
121-->[androidx.compose.ui:ui-test-manifest:1.7.2] AndroidManifest.xml:24:13-63
122            android:exported="true" />
122-->[androidx.compose.ui:ui-test-manifest:1.7.2] AndroidManifest.xml:25:13-36
123
124        <provider
124-->[androidx.work:work-runtime:2.7.1] AndroidManifest.xml:31:9-39:20
125            android:name="androidx.startup.InitializationProvider"
125-->[androidx.work:work-runtime:2.7.1] AndroidManifest.xml:32:13-67
126            android:authorities="com.example.testdht.androidx-startup"
126-->[androidx.work:work-runtime:2.7.1] AndroidManifest.xml:33:13-68
127            android:exported="false" >
127-->[androidx.work:work-runtime:2.7.1] AndroidManifest.xml:34:13-37
128            <meta-data
128-->[androidx.work:work-runtime:2.7.1] AndroidManifest.xml:36:13-38:52
129                android:name="androidx.work.WorkManagerInitializer"
129-->[androidx.work:work-runtime:2.7.1] AndroidManifest.xml:37:17-68
130                android:value="androidx.startup" />
130-->[androidx.work:work-runtime:2.7.1] AndroidManifest.xml:38:17-49
131            <meta-data
131-->[androidx.emoji2:emoji2:1.3.0] AndroidManifest.xml:29:13-31:52
132                android:name="androidx.emoji2.text.EmojiCompatInitializer"
132-->[androidx.emoji2:emoji2:1.3.0] AndroidManifest.xml:30:17-75
133                android:value="androidx.startup" />
133-->[androidx.emoji2:emoji2:1.3.0] AndroidManifest.xml:31:17-49
134            <meta-data
134-->[androidx.lifecycle:lifecycle-process:2.8.6] AndroidManifest.xml:29:13-31:52
135                android:name="androidx.lifecycle.ProcessLifecycleInitializer"
135-->[androidx.lifecycle:lifecycle-process:2.8.6] AndroidManifest.xml:30:17-78
136                android:value="androidx.startup" />
136-->[androidx.lifecycle:lifecycle-process:2.8.6] AndroidManifest.xml:31:17-49
137            <meta-data
137-->[androidx.profileinstaller:profileinstaller:1.3.1] AndroidManifest.xml:29:13-31:52
138                android:name="androidx.profileinstaller.ProfileInstallerInitializer"
138-->[androidx.profileinstaller:profileinstaller:1.3.1] AndroidManifest.xml:30:17-85
139                android:value="androidx.startup" />
139-->[androidx.profileinstaller:profileinstaller:1.3.1] AndroidManifest.xml:31:17-49
140        </provider>
141
142        <service
142-->[androidx.work:work-runtime:2.7.1] AndroidManifest.xml:41:9-46:35
143            android:name="androidx.work.impl.background.systemalarm.SystemAlarmService"
143-->[androidx.work:work-runtime:2.7.1] AndroidManifest.xml:42:13-88
144            android:directBootAware="false"
144-->[androidx.work:work-runtime:2.7.1] AndroidManifest.xml:43:13-44
145            android:enabled="@bool/enable_system_alarm_service_default"
145-->[androidx.work:work-runtime:2.7.1] AndroidManifest.xml:44:13-72
146            android:exported="false" />
146-->[androidx.work:work-runtime:2.7.1] AndroidManifest.xml:45:13-37
147        <service
147-->[androidx.work:work-runtime:2.7.1] AndroidManifest.xml:47:9-53:35
148            android:name="androidx.work.impl.background.systemjob.SystemJobService"
148-->[androidx.work:work-runtime:2.7.1] AndroidManifest.xml:48:13-84
149            android:directBootAware="false"
149-->[androidx.work:work-runtime:2.7.1] AndroidManifest.xml:49:13-44
150            android:enabled="@bool/enable_system_job_service_default"
150-->[androidx.work:work-runtime:2.7.1] AndroidManifest.xml:50:13-70
151            android:exported="true"
151-->[androidx.work:work-runtime:2.7.1] AndroidManifest.xml:51:13-36
152            android:permission="android.permission.BIND_JOB_SERVICE" />
152-->[androidx.work:work-runtime:2.7.1] AndroidManifest.xml:52:13-69
153        <service
153-->[androidx.work:work-runtime:2.7.1] AndroidManifest.xml:54:9-59:35
154            android:name="androidx.work.impl.foreground.SystemForegroundService"
154-->[androidx.work:work-runtime:2.7.1] AndroidManifest.xml:55:13-81
155            android:directBootAware="false"
155-->[androidx.work:work-runtime:2.7.1] AndroidManifest.xml:56:13-44
156            android:enabled="@bool/enable_system_foreground_service_default"
156-->[androidx.work:work-runtime:2.7.1] AndroidManifest.xml:57:13-77
157            android:exported="false" />
157-->[androidx.work:work-runtime:2.7.1] AndroidManifest.xml:58:13-37
158
159        <receiver
159-->[androidx.work:work-runtime:2.7.1] AndroidManifest.xml:61:9-66:35
160            android:name="androidx.work.impl.utils.ForceStopRunnable$BroadcastReceiver"
160-->[androidx.work:work-runtime:2.7.1] AndroidManifest.xml:62:13-88
161            android:directBootAware="false"
161-->[androidx.work:work-runtime:2.7.1] AndroidManifest.xml:63:13-44
162            android:enabled="true"
162-->[androidx.work:work-runtime:2.7.1] AndroidManifest.xml:64:13-35
163            android:exported="false" />
163-->[androidx.work:work-runtime:2.7.1] AndroidManifest.xml:65:13-37
164        <receiver
164-->[androidx.work:work-runtime:2.7.1] AndroidManifest.xml:67:9-77:20
165            android:name="androidx.work.impl.background.systemalarm.ConstraintProxy$BatteryChargingProxy"
165-->[androidx.work:work-runtime:2.7.1] AndroidManifest.xml:68:13-106
166            android:directBootAware="false"
166-->[androidx.work:work-runtime:2.7.1] AndroidManifest.xml:69:13-44
167            android:enabled="false"
167-->[androidx.work:work-runtime:2.7.1] AndroidManifest.xml:70:13-36
168            android:exported="false" >
168-->[androidx.work:work-runtime:2.7.1] AndroidManifest.xml:71:13-37
169            <intent-filter>
169-->[androidx.work:work-runtime:2.7.1] AndroidManifest.xml:73:13-76:29
170                <action android:name="android.intent.action.ACTION_POWER_CONNECTED" />
170-->[androidx.work:work-runtime:2.7.1] AndroidManifest.xml:74:17-87
170-->[androidx.work:work-runtime:2.7.1] AndroidManifest.xml:74:25-84
171                <action android:name="android.intent.action.ACTION_POWER_DISCONNECTED" />
171-->[androidx.work:work-runtime:2.7.1] AndroidManifest.xml:75:17-90
171-->[androidx.work:work-runtime:2.7.1] AndroidManifest.xml:75:25-87
172            </intent-filter>
173        </receiver>
174        <receiver
174-->[androidx.work:work-runtime:2.7.1] AndroidManifest.xml:78:9-88:20
175            android:name="androidx.work.impl.background.systemalarm.ConstraintProxy$BatteryNotLowProxy"
175-->[androidx.work:work-runtime:2.7.1] AndroidManifest.xml:79:13-104
176            android:directBootAware="false"
176-->[androidx.work:work-runtime:2.7.1] AndroidManifest.xml:80:13-44
177            android:enabled="false"
177-->[androidx.work:work-runtime:2.7.1] AndroidManifest.xml:81:13-36
178            android:exported="false" >
178-->[androidx.work:work-runtime:2.7.1] AndroidManifest.xml:82:13-37
179            <intent-filter>
179-->[androidx.work:work-runtime:2.7.1] AndroidManifest.xml:84:13-87:29
180                <action android:name="android.intent.action.BATTERY_OKAY" />
180-->[androidx.work:work-runtime:2.7.1] AndroidManifest.xml:85:17-77
180-->[androidx.work:work-runtime:2.7.1] AndroidManifest.xml:85:25-74
181                <action android:name="android.intent.action.BATTERY_LOW" />
181-->[androidx.work:work-runtime:2.7.1] AndroidManifest.xml:86:17-76
181-->[androidx.work:work-runtime:2.7.1] AndroidManifest.xml:86:25-73
182            </intent-filter>
183        </receiver>
184        <receiver
184-->[androidx.work:work-runtime:2.7.1] AndroidManifest.xml:89:9-99:20
185            android:name="androidx.work.impl.background.systemalarm.ConstraintProxy$StorageNotLowProxy"
185-->[androidx.work:work-runtime:2.7.1] AndroidManifest.xml:90:13-104
186            android:directBootAware="false"
186-->[androidx.work:work-runtime:2.7.1] AndroidManifest.xml:91:13-44
187            android:enabled="false"
187-->[androidx.work:work-runtime:2.7.1] AndroidManifest.xml:92:13-36
188            android:exported="false" >
188-->[androidx.work:work-runtime:2.7.1] AndroidManifest.xml:93:13-37
189            <intent-filter>
189-->[androidx.work:work-runtime:2.7.1] AndroidManifest.xml:95:13-98:29
190                <action android:name="android.intent.action.DEVICE_STORAGE_LOW" />
190-->[androidx.work:work-runtime:2.7.1] AndroidManifest.xml:96:17-83
190-->[androidx.work:work-runtime:2.7.1] AndroidManifest.xml:96:25-80
191                <action android:name="android.intent.action.DEVICE_STORAGE_OK" />
191-->[androidx.work:work-runtime:2.7.1] AndroidManifest.xml:97:17-82
191-->[androidx.work:work-runtime:2.7.1] AndroidManifest.xml:97:25-79
192            </intent-filter>
193        </receiver>
194        <receiver
194-->[androidx.work:work-runtime:2.7.1] AndroidManifest.xml:100:9-109:20
195            android:name="androidx.work.impl.background.systemalarm.ConstraintProxy$NetworkStateProxy"
195-->[androidx.work:work-runtime:2.7.1] AndroidManifest.xml:101:13-103
196            android:directBootAware="false"
196-->[androidx.work:work-runtime:2.7.1] AndroidManifest.xml:102:13-44
197            android:enabled="false"
197-->[androidx.work:work-runtime:2.7.1] AndroidManifest.xml:103:13-36
198            android:exported="false" >
198-->[androidx.work:work-runtime:2.7.1] AndroidManifest.xml:104:13-37
199            <intent-filter>
199-->[androidx.work:work-runtime:2.7.1] AndroidManifest.xml:106:13-108:29
200                <action android:name="android.net.conn.CONNECTIVITY_CHANGE" />
200-->[androidx.work:work-runtime:2.7.1] AndroidManifest.xml:107:17-79
200-->[androidx.work:work-runtime:2.7.1] AndroidManifest.xml:107:25-76
201            </intent-filter>
202        </receiver>
203        <receiver
203-->[androidx.work:work-runtime:2.7.1] AndroidManifest.xml:110:9-121:20
204            android:name="androidx.work.impl.background.systemalarm.RescheduleReceiver"
204-->[androidx.work:work-runtime:2.7.1] AndroidManifest.xml:111:13-88
205            android:directBootAware="false"
205-->[androidx.work:work-runtime:2.7.1] AndroidManifest.xml:112:13-44
206            android:enabled="false"
206-->[androidx.work:work-runtime:2.7.1] AndroidManifest.xml:113:13-36
207            android:exported="false" >
207-->[androidx.work:work-runtime:2.7.1] AndroidManifest.xml:114:13-37
208            <intent-filter>
208-->[androidx.work:work-runtime:2.7.1] AndroidManifest.xml:116:13-120:29
209                <action android:name="android.intent.action.BOOT_COMPLETED" />
209-->[androidx.work:work-runtime:2.7.1] AndroidManifest.xml:117:17-79
209-->[androidx.work:work-runtime:2.7.1] AndroidManifest.xml:117:25-76
210                <action android:name="android.intent.action.TIME_SET" />
210-->[androidx.work:work-runtime:2.7.1] AndroidManifest.xml:118:17-73
210-->[androidx.work:work-runtime:2.7.1] AndroidManifest.xml:118:25-70
211                <action android:name="android.intent.action.TIMEZONE_CHANGED" />
211-->[androidx.work:work-runtime:2.7.1] AndroidManifest.xml:119:17-81
211-->[androidx.work:work-runtime:2.7.1] AndroidManifest.xml:119:25-78
212            </intent-filter>
213        </receiver>
214        <receiver
214-->[androidx.work:work-runtime:2.7.1] AndroidManifest.xml:122:9-131:20
215            android:name="androidx.work.impl.background.systemalarm.ConstraintProxyUpdateReceiver"
215-->[androidx.work:work-runtime:2.7.1] AndroidManifest.xml:123:13-99
216            android:directBootAware="false"
216-->[androidx.work:work-runtime:2.7.1] AndroidManifest.xml:124:13-44
217            android:enabled="@bool/enable_system_alarm_service_default"
217-->[androidx.work:work-runtime:2.7.1] AndroidManifest.xml:125:13-72
218            android:exported="false" >
218-->[androidx.work:work-runtime:2.7.1] AndroidManifest.xml:126:13-37
219            <intent-filter>
219-->[androidx.work:work-runtime:2.7.1] AndroidManifest.xml:128:13-130:29
220                <action android:name="androidx.work.impl.background.systemalarm.UpdateProxies" />
220-->[androidx.work:work-runtime:2.7.1] AndroidManifest.xml:129:17-98
220-->[androidx.work:work-runtime:2.7.1] AndroidManifest.xml:129:25-95
221            </intent-filter>
222        </receiver>
223        <receiver
223-->[androidx.work:work-runtime:2.7.1] AndroidManifest.xml:132:9-142:20
224            android:name="androidx.work.impl.diagnostics.DiagnosticsReceiver"
224-->[androidx.work:work-runtime:2.7.1] AndroidManifest.xml:133:13-78
225            android:directBootAware="false"
225-->[androidx.work:work-runtime:2.7.1] AndroidManifest.xml:134:13-44
226            android:enabled="true"
226-->[androidx.work:work-runtime:2.7.1] AndroidManifest.xml:135:13-35
227            android:exported="true"
227-->[androidx.work:work-runtime:2.7.1] AndroidManifest.xml:136:13-36
228            android:permission="android.permission.DUMP" >
228-->[androidx.work:work-runtime:2.7.1] AndroidManifest.xml:137:13-57
229            <intent-filter>
229-->[androidx.work:work-runtime:2.7.1] AndroidManifest.xml:139:13-141:29
230                <action android:name="androidx.work.diagnostics.REQUEST_DIAGNOSTICS" />
230-->[androidx.work:work-runtime:2.7.1] AndroidManifest.xml:140:17-88
230-->[androidx.work:work-runtime:2.7.1] AndroidManifest.xml:140:25-85
231            </intent-filter>
232        </receiver>
233
234        <service
234-->[androidx.core:core-remoteviews:1.1.0] AndroidManifest.xml:24:9-27:63
235            android:name="androidx.core.widget.RemoteViewsCompatService"
235-->[androidx.core:core-remoteviews:1.1.0] AndroidManifest.xml:25:13-73
236            android:permission="android.permission.BIND_REMOTEVIEWS" />
236-->[androidx.core:core-remoteviews:1.1.0] AndroidManifest.xml:26:13-69
237
238        <activity
238-->[androidx.test:core:1.6.1] AndroidManifest.xml:27:9-34:20
239            android:name="androidx.test.core.app.InstrumentationActivityInvoker$BootstrapActivity"
239-->[androidx.test:core:1.6.1] AndroidManifest.xml:28:13-99
240            android:exported="true"
240-->[androidx.test:core:1.6.1] AndroidManifest.xml:29:13-36
241            android:theme="@style/WhiteBackgroundTheme" >
241-->[androidx.test:core:1.6.1] AndroidManifest.xml:30:13-56
242            <intent-filter android:priority="-100" >
242-->[androidx.test:core:1.6.1] AndroidManifest.xml:31:13-33:29
242-->[androidx.test:core:1.6.1] AndroidManifest.xml:31:28-51
243                <category android:name="android.intent.category.LAUNCHER" />
243-->src\main\AndroidManifest.xml:30:17-77
243-->src\main\AndroidManifest.xml:30:27-74
244            </intent-filter>
245        </activity>
246        <activity
246-->[androidx.test:core:1.6.1] AndroidManifest.xml:35:9-42:20
247            android:name="androidx.test.core.app.InstrumentationActivityInvoker$EmptyActivity"
247-->[androidx.test:core:1.6.1] AndroidManifest.xml:36:13-95
248            android:exported="true"
248-->[androidx.test:core:1.6.1] AndroidManifest.xml:37:13-36
249            android:theme="@style/WhiteBackgroundTheme" >
249-->[androidx.test:core:1.6.1] AndroidManifest.xml:38:13-56
250            <intent-filter android:priority="-100" >
250-->[androidx.test:core:1.6.1] AndroidManifest.xml:31:13-33:29
250-->[androidx.test:core:1.6.1] AndroidManifest.xml:31:28-51
251                <category android:name="android.intent.category.LAUNCHER" />
251-->src\main\AndroidManifest.xml:30:17-77
251-->src\main\AndroidManifest.xml:30:27-74
252            </intent-filter>
253        </activity>
254        <activity
254-->[androidx.test:core:1.6.1] AndroidManifest.xml:43:9-50:20
255            android:name="androidx.test.core.app.InstrumentationActivityInvoker$EmptyFloatingActivity"
255-->[androidx.test:core:1.6.1] AndroidManifest.xml:44:13-103
256            android:exported="true"
256-->[androidx.test:core:1.6.1] AndroidManifest.xml:45:13-36
257            android:theme="@style/WhiteBackgroundDialogTheme" >
257-->[androidx.test:core:1.6.1] AndroidManifest.xml:46:13-62
258            <intent-filter android:priority="-100" >
258-->[androidx.test:core:1.6.1] AndroidManifest.xml:31:13-33:29
258-->[androidx.test:core:1.6.1] AndroidManifest.xml:31:28-51
259                <category android:name="android.intent.category.LAUNCHER" />
259-->src\main\AndroidManifest.xml:30:17-77
259-->src\main\AndroidManifest.xml:30:27-74
260            </intent-filter>
261        </activity>
262
263        <receiver
263-->[androidx.profileinstaller:profileinstaller:1.3.1] AndroidManifest.xml:34:9-52:20
264            android:name="androidx.profileinstaller.ProfileInstallReceiver"
264-->[androidx.profileinstaller:profileinstaller:1.3.1] AndroidManifest.xml:35:13-76
265            android:directBootAware="false"
265-->[androidx.profileinstaller:profileinstaller:1.3.1] AndroidManifest.xml:36:13-44
266            android:enabled="true"
266-->[androidx.profileinstaller:profileinstaller:1.3.1] AndroidManifest.xml:37:13-35
267            android:exported="true"
267-->[androidx.profileinstaller:profileinstaller:1.3.1] AndroidManifest.xml:38:13-36
268            android:permission="android.permission.DUMP" >
268-->[androidx.profileinstaller:profileinstaller:1.3.1] AndroidManifest.xml:39:13-57
269            <intent-filter>
269-->[androidx.profileinstaller:profileinstaller:1.3.1] AndroidManifest.xml:40:13-42:29
270                <action android:name="androidx.profileinstaller.action.INSTALL_PROFILE" />
270-->[androidx.profileinstaller:profileinstaller:1.3.1] AndroidManifest.xml:41:17-91
270-->[androidx.profileinstaller:profileinstaller:1.3.1] AndroidManifest.xml:41:25-88
271            </intent-filter>
272            <intent-filter>
272-->[androidx.profileinstaller:profileinstaller:1.3.1] AndroidManifest.xml:43:13-45:29
273                <action android:name="androidx.profileinstaller.action.SKIP_FILE" />
273-->[androidx.profileinstaller:profileinstaller:1.3.1] AndroidManifest.xml:44:17-85
273-->[androidx.profileinstaller:profileinstaller:1.3.1] AndroidManifest.xml:44:25-82
274            </intent-filter>
275            <intent-filter>
275-->[androidx.profileinstaller:profileinstaller:1.3.1] AndroidManifest.xml:46:13-48:29
276                <action android:name="androidx.profileinstaller.action.SAVE_PROFILE" />
276-->[androidx.profileinstaller:profileinstaller:1.3.1] AndroidManifest.xml:47:17-88